<?xml version="1.0" encoding="UTF-8" ?>
<testsuite failures="0" time="39.303" errors="0" skipped="0" tests="4" name="InjectedTest">
  <properties>
[...]
</properties>
  <testcase time="0.62" classname="org.jvnet.hudson.test.JellyTestSuiteBuilder$JellyCheck" name="\/D:\/CI\/Plugin\/IntelliJIDEA\/mail-reminder-plugin\/target\/classes\/org\/jenkinsci\/plugins\/mailreminder\/EmailRemindPublisher\/config.jelly"/>
  <testcase time="0.102" classname="org.jvnet.hudson.test.JellyTestSuiteBuilder$JellyCheck" name="\/D:\/CI\/Plugin\/IntelliJIDEA\/mail-reminder-plugin\/target\/classes\/org\/jenkinsci\/plugins\/mailreminder\/EmailRemindPublisher\/global.jelly"/>
  <testcase time="0" classname="org.jvnet.hudson.test.junit.FailedTest" name="org.jvnet.hudson.test.JellyTestSuiteBuilder$JellyTestSuite"/>
  <testcase time="5.578" classname="org.jvnet.hudson.test.PluginAutomaticTestBuilder$CliSanityTest" name="testCliSanity"/>
</testsuite>